0 info it worked if it ends with ok
1 verbose cli [ 'C:\\Program Files\\nodejs\\node.exe',
1 verbose cli   'C:\\Program Files\\nodejs\\node_modules\\npm\\bin\\npm-cli.js',
1 verbose cli   'start' ]
2 info using npm@3.10.10
3 info using node@v6.10.2
4 verbose run-script [ 'prestart', 'start', 'poststart' ]
5 info lifecycle graphql.server@1.0.0~prestart: graphql.server@1.0.0
6 silly lifecycle graphql.server@1.0.0~prestart: no script for prestart, continuing
7 info lifecycle graphql.server@1.0.0~start: graphql.server@1.0.0
8 verbose lifecycle graphql.server@1.0.0~start: unsafe-perm in lifecycle true
9 verbose lifecycle graphql.server@1.0.0~start: PATH: C:\Program Files\nodejs\node_modules\npm\bin\node-gyp-bin;C:\Users\jsparla\Dropbox\dev\nodeapps\graphql.server\node_modules\.bin;C:\Program Files\Docker\Docker\Resources\bin;C:\ProgramData\Oracle\Java\javapath;C:\windows\system32;C:\windows;C:\windows\System32\Wbem;C:\windows\System32\WindowsPowerShell\v1.0\;C:\Program Files\Common Files\Hitachi ID\;C:\Program Files (x86)\Enterprise Vault\EVClient\;C:\Program Files (x86)\Microsoft SQL Server\Client SDK\ODBC\130\Tools\Binn\;C:\Program Files (x86)\Microsoft SQL Server\130\Tools\Binn\;C:\Program Files (x86)\Microsoft SQL Server\130\DTS\Binn\;C:\Program Files (x86)\Microsoft SQL Server\130\Tools\Binn\ManagementStudio\;C:\Program Files\Microsoft SQL Server\130\Tools\Binn\;C:\Program Files\dotnet\;C:\Program Files\Microsoft SQL Server\Client SDK\ODBC\130\Tools\Binn\;C:\Program Files\Microsoft SQL Server\130\DTS\Binn\;C:\Users\jsparla\AppData\Roaming\Python\Python36\Scripts;C:\Users\jsparla\AppData\Local\Programs\Python\Python36-32;C:\Program Files\Git\cmd;C:\Program Files\PostgreSQL\9.6\bin;C:\Program Files\PuTTY\;C:\Program Files\nodejs\;C:\Users\jsparla\AppData\Local\Microsoft\WindowsApps;C:\Program Files (x86)\Microsoft VS Code\bin;C:\Program Files\Heroku\bin;C:\Users\jsparla\AppData\Local\now-cli;C:\Users\jsparla\AppData\Roaming\npm
10 verbose lifecycle graphql.server@1.0.0~start: CWD: C:\Users\jsparla\Dropbox\dev\nodeapps\graphql.server
11 silly lifecycle graphql.server@1.0.0~start: Args: [ '/d /s /c', 'nodemon ./server.js --exec babel-node' ]
12 silly lifecycle graphql.server@1.0.0~start: Returned: code: 3221225786  signal: null
13 info lifecycle graphql.server@1.0.0~start: Failed to exec start script
14 verbose stack Error: graphql.server@1.0.0 start: `nodemon ./server.js --exec babel-node`
14 verbose stack Exit status 3221225786
14 verbose stack     at EventEmitter.<anonymous> (C:\Program Files\nodejs\node_modules\npm\lib\utils\lifecycle.js:255:16)
14 verbose stack     at emitTwo (events.js:106:13)
14 verbose stack     at EventEmitter.emit (events.js:191:7)
14 verbose stack     at ChildProcess.<anonymous> (C:\Program Files\nodejs\node_modules\npm\lib\utils\spawn.js:40:14)
14 verbose stack     at emitTwo (events.js:106:13)
14 verbose stack     at ChildProcess.emit (events.js:191:7)
14 verbose stack     at maybeClose (internal/child_process.js:886:16)
14 verbose stack     at Process.ChildProcess._handle.onexit (internal/child_process.js:226:5)
15 verbose pkgid graphql.server@1.0.0
16 verbose cwd C:\Users\jsparla\Dropbox\dev\nodeapps\graphql.server
17 error Windows_NT 10.0.14393
18 error argv "C:\\Program Files\\nodejs\\node.exe" "C:\\Program Files\\nodejs\\node_modules\\npm\\bin\\npm-cli.js" "start"
19 error node v6.10.2
20 error npm  v3.10.10
21 error code ELIFECYCLE
22 error graphql.server@1.0.0 start: `nodemon ./server.js --exec babel-node`
22 error Exit status 3221225786
23 error Failed at the graphql.server@1.0.0 start script 'nodemon ./server.js --exec babel-node'.
23 error Make sure you have the latest version of node.js and npm installed.
23 error If you do, this is most likely a problem with the graphql.server package,
23 error not with npm itself.
23 error Tell the author that this fails on your system:
23 error     nodemon ./server.js --exec babel-node
23 error You can get information on how to open an issue for this project with:
23 error     npm bugs graphql.server
23 error Or if that isn't available, you can get their info via:
23 error     npm owner ls graphql.server
23 error There is likely additional logging output above.
24 verbose exit [ 1, true ]
